INFO  [2015-05-17 04:00:43,593] edu.sjsu.cmpe.cache.CacheService: Loaded resources
WARN  [2015-05-17 04:00:43,671] com.yammer.dropwizard.config.ServerFactory: 
!!!!!!!!!!!!!!!!!!!!!!!!!!!!!!!!!!!!!!!!!!!!!!!!!!!!!!!!!!!!!!!!!!!!!!!!!!!!!!!!
!!!!!!!!!!!!!!!!!!!!!!!!!!!!!!!!!!!!!!!!!!!!!!!!!!!!!!!!!!!!!!!!!!!!!!!!!!!!!!!!
!    THIS SERVICE HAS NO HEALTHCHECKS. THIS MEANS YOU WILL NEVER KNOW IF IT    !
!    DIES IN PRODUCTION, WHICH MEANS YOU WILL NEVER KNOW IF YOU'RE LETTING     !
!     YOUR USERS DOWN. YOU SHOULD ADD A HEALTHCHECK FOR EACH DEPENDENCY OF     !
!     YOUR SERVICE WHICH FULLY (BUT LIGHTLY) TESTS YOUR SERVICE'S ABILITY TO   !
!      USE THAT SERVICE. THINK OF IT AS A CONTINUOUS INTEGRATION TEST.         !
!!!!!!!!!!!!!!!!!!!!!!!!!!!!!!!!!!!!!!!!!!!!!!!!!!!!!!!!!!!!!!!!!!!!!!!!!!!!!!!!
!!!!!!!!!!!!!!!!!!!!!!!!!!!!!!!!!!!!!!!!!!!!!!!!!!!!!!!!!!!!!!!!!!!!!!!!!!!!!!!!
INFO  [2015-05-17 04:00:43,812] com.yammer.dropwizard.cli.ServerCommand: Starting cache-server
INFO  [2015-05-17 04:00:43,812] org.eclipse.jetty.server.Server: jetty-8.y.z-SNAPSHOT
INFO  [2015-05-17 04:00:44,066] com.sun.jersey.server.impl.application.WebApplicationImpl: Initiating Jersey application, version 'Jersey: 1.17.1 02/28/2013 12:47 PM'
INFO  [2015-05-17 04:00:44,176] com.yammer.dropwizard.config.Environment: The following paths were found for the configured resources:

    GET     /cache/ (edu.sjsu.cmpe.cache.api.resources.CacheResource)
    GET     /cache/{key} (edu.sjsu.cmpe.cache.api.resources.CacheResource)
    PUT     /cache/{key}/{value} (edu.sjsu.cmpe.cache.api.resources.CacheResource)

INFO  [2015-05-17 04:00:44,176] com.yammer.dropwizard.config.Environment: tasks = 

    POST    /tasks/gc (com.yammer.dropwizard.tasks.GarbageCollectionTask)

INFO  [2015-05-17 04:00:44,486] org.eclipse.jetty.server.AbstractConnector: Started InstrumentedBlockingChannelConnector@0.0.0.0:3000
INFO  [2015-05-17 04:00:44,486] org.eclipse.jetty.server.AbstractConnector: Started SocketConnector@0.0.0.0:7000
INFO  [2015-05-17 04:38:31,740] edu.sjsu.cmpe.cache.CacheService: Loaded resources
WARN  [2015-05-17 04:38:31,755] com.yammer.dropwizard.config.ServerFactory: 
!!!!!!!!!!!!!!!!!!!!!!!!!!!!!!!!!!!!!!!!!!!!!!!!!!!!!!!!!!!!!!!!!!!!!!!!!!!!!!!!
!!!!!!!!!!!!!!!!!!!!!!!!!!!!!!!!!!!!!!!!!!!!!!!!!!!!!!!!!!!!!!!!!!!!!!!!!!!!!!!!
!    THIS SERVICE HAS NO HEALTHCHECKS. THIS MEANS YOU WILL NEVER KNOW IF IT    !
!    DIES IN PRODUCTION, WHICH MEANS YOU WILL NEVER KNOW IF YOU'RE LETTING     !
!     YOUR USERS DOWN. YOU SHOULD ADD A HEALTHCHECK FOR EACH DEPENDENCY OF     !
!     YOUR SERVICE WHICH FULLY (BUT LIGHTLY) TESTS YOUR SERVICE'S ABILITY TO   !
!      USE THAT SERVICE. THINK OF IT AS A CONTINUOUS INTEGRATION TEST.         !
!!!!!!!!!!!!!!!!!!!!!!!!!!!!!!!!!!!!!!!!!!!!!!!!!!!!!!!!!!!!!!!!!!!!!!!!!!!!!!!!
!!!!!!!!!!!!!!!!!!!!!!!!!!!!!!!!!!!!!!!!!!!!!!!!!!!!!!!!!!!!!!!!!!!!!!!!!!!!!!!!
INFO  [2015-05-17 04:38:31,818] com.yammer.dropwizard.cli.ServerCommand: Starting cache-server
INFO  [2015-05-17 04:38:31,818] org.eclipse.jetty.server.Server: jetty-8.y.z-SNAPSHOT
INFO  [2015-05-17 04:38:31,912] com.sun.jersey.server.impl.application.WebApplicationImpl: Initiating Jersey application, version 'Jersey: 1.17.1 02/28/2013 12:47 PM'
INFO  [2015-05-17 04:38:31,974] com.yammer.dropwizard.config.Environment: The following paths were found for the configured resources:

    GET     /cache/ (edu.sjsu.cmpe.cache.api.resources.CacheResource)
    GET     /cache/{key} (edu.sjsu.cmpe.cache.api.resources.CacheResource)
    PUT     /cache/{key}/{value} (edu.sjsu.cmpe.cache.api.resources.CacheResource)

INFO  [2015-05-17 04:38:31,974] com.yammer.dropwizard.config.Environment: tasks = 

    POST    /tasks/gc (com.yammer.dropwizard.tasks.GarbageCollectionTask)

INFO  [2015-05-17 04:38:32,193] org.eclipse.jetty.server.AbstractConnector: Started InstrumentedBlockingChannelConnector@0.0.0.0:3000
INFO  [2015-05-17 04:38:32,193] org.eclipse.jetty.server.AbstractConnector: Started SocketConnector@0.0.0.0:7000
INFO  [2015-05-17 04:41:01,670] org.eclipse.jetty.server.Server: Graceful shutdown SocketConnector@0.0.0.0:7000
INFO  [2015-05-17 04:41:01,670] org.eclipse.jetty.server.Server: Graceful shutdown InstrumentedBlockingChannelConnector@0.0.0.0:3000
INFO  [2015-05-17 04:41:01,670] org.eclipse.jetty.server.Server: Graceful shutdown o.e.j.s.ServletContextHandler{/,null}
INFO  [2015-05-17 04:41:01,670] org.eclipse.jetty.server.Server: Graceful shutdown o.e.j.s.ServletContextHandler{/,null}
INFO  [2015-05-17 04:41:03,720] org.eclipse.jetty.server.handler.ContextHandler: stopped o.e.j.s.ServletContextHandler{/,null}
INFO  [2015-05-17 04:41:03,720] org.eclipse.jetty.server.handler.ContextHandler: stopped o.e.j.s.ServletContextHandler{/,null}
